<?xml version="1.0" encoding="UTF-8"?>
<testsuite xmlns:xsi="http://www.w3.org/2001/XMLSchema-instance" xsi:noNamespaceSchemaLocation="https://maven.apache.org/surefire/maven-failsafe-plugin/xsd/failsafe-test-report-3.0.xsd" version="3.0" name="starter.CucumberTestSuite" time="18.911" tests="2" errors="0" skipped="0" failures="0">
  <properties>
[...]
</properties>
  <testcase name="Searching for &apos;red&apos;" classname="Search by keyword" time="14.293">
    <system-out><![CDATA[23:14:30.095 [ForkJoinPool-2-worker-1] INFO  n.thucydides.core.steps.StepEventBus - Loading JUnit Platform configuration parameters from classpath resource [junit-platform.properties].
23:14:30.359 [ForkJoinPool-2-worker-1] INFO   - 

-------------------------------------------------------------------------------------
     _______. _______ .______       _______ .__   __.  __  .___________.____    ____ 
    /       ||   ____||   _  \     |   ____||  \ |  | |  | |           |\   \  /   / 
   |   (----`|  |__   |  |_)  |    |  |__   |   \|  | |  | `---|  |----` \   \/   /  
    \   \    |   __|  |      /     |   __|  |  . `  | |  |     |  |       \_    _/   
.----)   |   |  |____ |  |\  \----.|  |____ |  |\   | |  |     |  |         |  |     
|_______/    |_______|| _| `._____||_______||__| \__| |__|     |__|         |__|    
                                                                                     
 News and tutorials at http://www.serenity-bdd.info                                  
 Documentation at https://wakaleo.gitbooks.io/the-serenity-book/content/             
 Join the Serenity Community on Gitter: https://gitter.im/serenity-bdd/serenity-core 
 Serenity BDD Support and Training at http://serenity-bdd.info/#/trainingandsupport  
-------------------------------------------------------------------------------------

23:14:30.371 [ForkJoinPool-2-worker-1] INFO   - Test Suite Started: Search by keyword

@red
Scenario: Searching for 'red'                        &amp#27;[90m# features/search/search_by_keyword.feature:10&amp#27;[0m

@green
Scenario: Searching for 'green'                      &amp#27;[90m# features/search/search_by_keyword.feature:4&amp#27;[0m
23:14:31.683 [ForkJoinPool-2-worker-1] WARN  n.s.c.b.PropertyBasedDriverCapabilityRecord - Failed to store browser configuration for {goog:chromeOptions={args=[test-type, no-sandbox, ignore-certificate-errors, --window-size=1000,800, incognito, disable-infobars, disable-gpu, disable-default-apps, disable-popup-blocking, disable-dev-shm-usage, disable-extensions, disable-web-security, disable-translate, disable-logging, test-type, no-sandbox, ignore-certificate-errors, --window-size=1000,800, incognito, disable-infobars, disable-gpu, disable-default-apps, disable-popup-blocking, disable-dev-shm-usage, disable-extensions, disable-web-security, disable-translate, disable-logging, remote-allow-origins=*], extensions=[]}, acceptInsecureCerts=true, browserName=chrome}
23:14:31.683 [ForkJoinPool-2-worker-2] WARN  n.s.c.b.PropertyBasedDriverCapabilityRecord - Failed to store browser configuration for {goog:chromeOptions={args=[test-type, no-sandbox, ignore-certificate-errors, --window-size=1000,800, incognito, disable-infobars, disable-gpu, disable-default-apps, disable-popup-blocking, disable-dev-shm-usage, disable-extensions, disable-web-security, disable-translate, disable-logging, test-type, no-sandbox, ignore-certificate-errors, --window-size=1000,800, incognito, disable-infobars, disable-gpu, disable-default-apps, disable-popup-blocking, disable-dev-shm-usage, disable-extensions, disable-web-security, disable-translate, disable-logging, remote-allow-origins=*], extensions=[]}, acceptInsecureCerts=true, browserName=chrome}
23:14:31.683 [ForkJoinPool-2-worker-1] INFO  n.s.c.w.d.ChromeDriverProvider - Starting Chrome driver instance with capabilities:
23:14:31.684 [ForkJoinPool-2-worker-2] INFO  n.s.c.w.d.ChromeDriverProvider - Starting Chrome driver instance with capabilities:
23:14:31.685 [ForkJoinPool-2-worker-1] INFO  n.s.c.w.d.ChromeDriverProvider - Capabilities {acceptInsecureCerts: true, browserName: chrome, goog:chromeOptions: {args: [test-type, no-sandbox, ignore-certificate-errors, --window-size=1000,800, incognito, disable-infobars, disable-gpu, disable-default-apps, disable-popup-blocking, disable-dev-shm-usage, disable-extensions, disable-web-security, disable-translate, disable-logging, test-type, no-sandbox, ignore-certificate-errors, --window-size=1000,800, incognito, disable-infobars, disable-gpu, disable-default-apps, disable-popup-blocking, disable-dev-shm-usage, disable-extensions, disable-web-security, disable-translate, disable-logging, remote-allow-origins=*], extensions: []}}
23:14:31.685 [ForkJoinPool-2-worker-2] INFO  n.s.c.w.d.ChromeDriverProvider - Capabilities {acceptInsecureCerts: true, browserName: chrome, goog:chromeOptions: {args: [test-type, no-sandbox, ignore-certificate-errors, --window-size=1000,800, incognito, disable-infobars, disable-gpu, disable-default-apps, disable-popup-blocking, disable-dev-shm-usage, disable-extensions, disable-web-security, disable-translate, disable-logging, test-type, no-sandbox, ignore-certificate-errors, --window-size=1000,800, incognito, disable-infobars, disable-gpu, disable-default-apps, disable-popup-blocking, disable-dev-shm-usage, disable-extensions, disable-web-security, disable-translate, disable-logging, remote-allow-origins=*], extensions: []}}
  &amp#27;[32mGiven &amp#27;[0m&amp#27;[32m&amp#27;[0m&amp#27;[32m&amp#27;[1mSergey&amp#27;[0m&amp#27;[32m is researching things on the internet&amp#27;[0m &amp#27;[90m# starter.stepdefinitions.SearchStepDefinitions.researchingThings(net.serenitybdd.screenplay.Actor)&amp#27;[0m
  &amp#27;[32mGiven &amp#27;[0m&amp#27;[32m&amp#27;[0m&amp#27;[32m&amp#27;[1mSergey&amp#27;[0m&amp#27;[32m is researching things on the internet&amp#27;[0m &amp#27;[90m# starter.stepdefinitions.SearchStepDefinitions.researchingThings(net.serenitybdd.screenplay.Actor)&amp#27;[0m
  &amp#27;[32mWhen &amp#27;[0m&amp#27;[32m&amp#27;[0m&amp#27;[32m&amp#27;[1mhe&amp#27;[0m&amp#27;[32m looks up &amp#27;[0m&amp#27;[32m&amp#27;[1m"green"&amp#27;[0m                           &amp#27;[90m# starter.stepdefinitions.SearchStepDefinitions.searchesFor(net.serenitybdd.screenplay.Actor,java.lang.String)&amp#27;[0m
  &amp#27;[32mWhen &amp#27;[0m&amp#27;[32m&amp#27;[0m&amp#27;[32m&amp#27;[1mhe&amp#27;[0m&amp#27;[32m looks up &amp#27;[0m&amp#27;[32m&amp#27;[1m"red"&amp#27;[0m                             &amp#27;[90m# starter.stepdefinitions.SearchStepDefinitions.searchesFor(net.serenitybdd.screenplay.Actor,java.lang.String)&amp#27;[0m
  &amp#27;[32mThen &amp#27;[0m&amp#27;[32m&amp#27;[0m&amp#27;[32m&amp#27;[1mhe&amp#27;[0m&amp#27;[32m should see information about &amp#27;[0m&amp#27;[32m&amp#27;[1m"red"&amp#27;[0m         &amp#27;[90m# starter.stepdefinitions.SearchStepDefinitions.should_see_information_about(net.serenitybdd.screenplay.Actor,java.lang.String)&amp#27;[0m
  &amp#27;[32mThen &amp#27;[0m&amp#27;[32m&amp#27;[0m&amp#27;[32m&amp#27;[1mhe&amp#27;[0m&amp#27;[32m should see information about &amp#27;[0m&amp#27;[32m&amp#27;[1m"green"&amp#27;[0m       &amp#27;[90m# starter.stepdefinitions.SearchStepDefinitions.should_see_information_about(net.serenitybdd.screenplay.Actor,java.lang.String)&amp#27;[0m
]]></system-out>
    <system-err><![CDATA[Aug 14, 2023 11:14:31 PM org.openqa.selenium.remote.service.DriverService$Builder getLogOutput
INFO: Driver logs no longer sent to console by default; https://www.selenium.dev/documentation/webdriver/drivers/service/#setting-log-output
Aug 14, 2023 11:14:31 PM org.openqa.selenium.remote.service.DriverService$Builder getLogOutput
INFO: Driver logs no longer sent to console by default; https://www.selenium.dev/documentation/webdriver/drivers/service/#setting-log-output
Aug 14, 2023 11:14:34 PM org.openqa.selenium.devtools.CdpVersionFinder findNearestMatch
WARNING: Unable to find an exact match for CDP version 115, so returning the closest version found: 114
Aug 14, 2023 11:14:34 PM org.openqa.selenium.devtools.CdpVersionFinder findNearestMatch
WARNING: Unable to find an exact match for CDP version 115, so returning the closest version found: 114
]]></system-err>
  </testcase>
  <testcase name="Searching for &apos;green&apos;" classname="Search by keyword" time="14.293"/>
</testsuite>